<?xml version="1.0" encoding="UTF-8"?>
<testng-results ignored="0" total="1" passed="1" failed="0" skipped="0">
  <reporter-output>
  </reporter-output>
  <suite started-at="2023-05-24T14:34:57 IST" name="Default suite" finished-at="2023-05-24T14:35:25 IST" duration-ms="27347">
    <groups>
    </groups>
    <test started-at="2023-05-24T14:34:57 IST" name="Default test" finished-at="2023-05-24T14:35:25 IST" duration-ms="27347">
      <class name="dataDrivenUsingCsv.CSVAssignment">
        <test-method is-config="true" signature="setup()[pri:0, instance:dataDrivenUsingCsv.CSVAssignment@2ea227af]" started-at="2023-05-24T14:34:57 IST" name="setup" finished-at="2023-05-24T14:35:06 IST" duration-ms="8560" status="PASS">
          <reporter-output>
          </reporter-output>
        </test-method> <!-- setup -->
        <test-method signature="locatorsTestingBlog()[pri:0, instance:dataDrivenUsingCsv.CSVAssignment@2ea227af]" started-at="2023-05-24T14:35:06 IST" name="locatorsTestingBlog" finished-at="2023-05-24T14:35:24 IST" duration-ms="17957" status="PASS">
          <reporter-output>
          </reporter-output>
        </test-method> <!-- locatorsTestingBlog -->
        <test-method is-config="true" signature="tearDown(org.testng.ITestResult)[pri:0, instance:dataDrivenUsingCsv.CSVAssignment@2ea227af]" started-at="2023-05-24T14:35:24 IST" name="tearDown" finished-at="2023-05-24T14:35:25 IST" duration-ms="784" status="PASS">
          <params>
            <param index="0">
              <value>
                <![CDATA[[TestResult name=locatorsTestingBlog status=SUCCESS method=CSVAssignment.locatorsTestingBlog()[pri:0, instance:dataDrivenUsingCsv.CSVAssignment@2ea227af] output={null}]]]>
              </value>
            </param>
          </params>
          <reporter-output>
          </reporter-output>
        </test-method> <!-- tearDown -->
      </class> <!-- dataDrivenUsingCsv.CSVAssignment -->
    </test> <!-- Default test -->
  </suite> <!-- Default suite -->
</testng-results>
